情報: Serverのバージョン名:     Apache Tomcat/10.0.6 [月 9月 26 20:55:21 JST 2022]
情報: Server ビルド:            May 8 2021 15:24:15 UTC [月 9月 26 20:55:21 JST 2022]
情報: サーバーのバージョン番号: 10.0.6.0 [月 9月 26 20:55:21 JST 2022]
情報: OS 名:                    Windows 10 [月 9月 26 20:55:21 JST 2022]
情報: OS バージョン:            10.0 [月 9月 26 20:55:21 JST 2022]
情報: アーキテクチャ:           amd64 [月 9月 26 20:55:21 JST 2022]
情報: Java Home:                C:\Users\admin\Desktop\テキストエディタ\eclipse\jre [月 9月 26 20:55:21 JST 2022]
情報: JVM バージョン:           16.0.1+9 [月 9月 26 20:55:21 JST 2022]
情報: JVM ベンダ:               AdoptOpenJDK [月 9月 26 20:55:21 JST 2022]
情報: CATALINA_BASE:            C:\Users\admin\Documents\GitHub\curriculum\Javastudy\.metadata\.plugins\org.eclipse.wst.server.core\tmp0 [月 9月 26 20:55:21 JST 2022]
情報: CATALINA_HOME:            C:\Users\admin\Documents\GitHub\apache-tomcat-10.0.6 [月 9月 26 20:55:21 JST 2022]
情報: コマンドライン引数:       -Dcatalina.base=C:\Users\admin\Documents\GitHub\curriculum\Javastudy\.metadata\.plugins\org.eclipse.wst.server.core\tmp0 [月 9月 26 20:55:21 JST 2022]
情報: コマンドライン引数:       -Dcatalina.home=C:\Users\admin\Documents\GitHub\apache-tomcat-10.0.6 [月 9月 26 20:55:21 JST 2022]
情報: コマンドライン引数:       -Dwtp.deploy=C:\Users\admin\Documents\GitHub\curriculum\Javastudy\.metadata\.plugins\org.eclipse.wst.server.core\tmp0\wtpwebapps [月 9月 26 20:55:21 JST 2022]
情報: コマンドライン引数:       --add-opens=java.base/java.lang=ALL-UNNAMED [月 9月 26 20:55:21 JST 2022]
情報: コマンドライン引数:       --add-opens=java.base/java.io=ALL-UNNAMED [月 9月 26 20:55:21 JST 2022]
情報: コマンドライン引数:       --add-opens=java.base/java.util=ALL-UNNAMED [月 9月 26 20:55:21 JST 2022]
情報: コマンドライン引数:       --add-opens=java.base/java.util.concurrent=ALL-UNNAMED [月 9月 26 20:55:21 JST 2022]
情報: コマンドライン引数:       --add-opens=java.rmi/sun.rmi.transport=ALL-UNNAMED [月 9月 26 20:55:21 JST 2022]
情報: コマンドライン引数:       -Dfile.encoding=UTF-8 [月 9月 26 20:55:21 JST 2022]
情報: コマンドライン引数:       -XX:+ShowCodeDetailsInExceptionMessages [月 9月 26 20:55:21 JST 2022]
情報: 商用環境に最適な性能を発揮する APR ベースの Tomcat ネイティブライブラリが java.library.path [C:\Users\admin\Desktop\テキストエディタ\eclipse\jre\bin;C:\Windows\Sun\Java\bin;C:\Windows\system32;C:\Windows;C:/pleiades/2022-06/java/17/bin/server;C:/pleiades/2022-06/java/17/bin;C:\Program Files\Common Files\Oracle\Java\javapath;C:\Windows\system32;C:\Windows;C:\Windows\System32\Wbem;C:\Windows\System32\WindowsPowerShell\v1.0\;C:\Windows\System32\OpenSSH\;C:\Program Files\Java\jdk-18.0.1.1\bin;C:\Program Files\Git\cmd;C:\Users\admin\AppData\Local\Microsoft\WindowsApps;C:\Program Files\Java\jdk-16.0.2\bin;C:\Users\admin\AppData\Local\Programs\Microsoft VS Code\bin;C:\Users\admin\AppData\Local\GitHubDesktop\bin;C:\pleiades\2022-06\eclipse;;.] に存在しません。 [月 9月 26 20:55:21 JST 2022]
情報: プロトコルハンドラ ["http-nio-8080"] を初期化します。 [月 9月 26 20:55:22 JST 2022]
情報: サーバーの初期化 [3487]ms [月 9月 26 20:55:23 JST 2022]
情報: サービス [Catalina] を起動します [月 9月 26 20:55:23 JST 2022]
情報: サーブレットエンジンの起動：[Apache Tomcat/10.0.6] [月 9月 26 20:55:23 JST 2022]
警告: セッション ID を生成するための SecureRandom インスタンスの作成に [648] ミリ秒かかりました。アルゴリズムは [SHA1PRNG] です。 [月 9月 26 20:55:25 JST 2022]
情報: 少なくとも1つのJARが、まだTLDを含んでいないTLDについてスキャンされました。 スキャンしたが、そこにTLDが見つからなかったJARの完全なリストについては、このロガーのデバッグログを有効にしてください。 スキャン中に不要なJARをスキップすると、起動時間とJSPのコンパイル時間が改善されます。 [月 9月 26 20:55:26 JST 2022]
情報: 少なくとも1つのJARが、まだTLDを含んでいないTLDについてスキャンされました。 スキャンしたが、そこにTLDが見つからなかったJARの完全なリストについては、このロガーのデバッグログを有効にしてください。 スキャン中に不要なJARをスキップすると、起動時間とJSPのコンパイル時間が改善されます。 [月 9月 26 20:55:27 JST 2022]
情報: プロトコルハンドラー ["http-nio-8080"] を開始しました。 [月 9月 26 20:55:27 JST 2022]
情報: サーバーの起動 [5337]ms [月 9月 26 20:55:28 JST 2022]
[MEMORY:56298856][2022/09/26 08:55:39.318] [org.apache.jsp.login_jsp] [_jspService] [161] セッションなし
[MEMORY:70456680][2022/09/27 08:53:04.376] [org.apache.jsp.login_jsp] [_jspService] [161] セッションなし
